2021-02-18 19:24:54.043 -05:00 [ERR] Specified map Crypt 1-1 not found
2021-02-18 19:24:54.077 -05:00 [INF] Spawn: Mileth Inn: spawning 2 mobs 
2021-02-18 19:24:54.080 -05:00 [INF] Processing loot: spawn table for Bee hit, looting
2021-02-18 19:24:54.080 -05:00 [INF] Processing loot: spawn table for Bee hit, looting
2021-02-18 19:24:54.080 -05:00 [INF] Processing loot: spawn table for Bee hit, looting
2021-02-18 19:24:54.080 -05:00 [INF] Processing loot: spawn table for Bee hit, looting
2021-02-18 19:24:54.080 -05:00 [INF] Loot for Bee: tables: 4
2021-02-18 19:24:54.081 -05:00 [INF] Processing loot: added 5 gp
2021-02-18 19:24:54.083 -05:00 [INF] Processing loot: added Mold
2021-02-18 19:24:54.086 -05:00 [INF] Processing loot: added 13 gp
2021-02-18 19:24:54.086 -05:00 [INF] Processing loot: added Mold
2021-02-18 19:24:54.086 -05:00 [INF] Processing loot: added 16 gp
2021-02-18 19:24:54.086 -05:00 [INF] Processing loot: added Mold
2021-02-18 19:24:54.086 -05:00 [INF] Processing loot: added 14 gp
2021-02-18 19:24:54.086 -05:00 [INF] Processing loot: added Rotten Vegetable
2021-02-18 19:24:54.086 -05:00 [INF] Final loot for Bee: 260 xp, 48 gold, items [Mold,Mold,Mold,Rotten Vegetable]
2021-02-18 19:24:54.090 -05:00 [INF] Processing loot: spawn table for Bee hit, looting
2021-02-18 19:24:54.090 -05:00 [INF] Processing loot: spawn table for Bee hit, looting
2021-02-18 19:24:54.090 -05:00 [INF] Processing loot: spawn table for Bee hit, looting
2021-02-18 19:24:54.090 -05:00 [INF] Processing loot: spawn table for Bee hit, looting
2021-02-18 19:24:54.090 -05:00 [INF] Loot for Bee: tables: 4
2021-02-18 19:24:54.090 -05:00 [INF] Processing loot: added 9 gp
2021-02-18 19:24:54.090 -05:00 [INF] Processing loot: added Moldy Bread Slice
2021-02-18 19:24:54.090 -05:00 [INF] Processing loot: added 1 gp
2021-02-18 19:24:54.090 -05:00 [INF] Processing loot: added Mold
2021-02-18 19:24:54.090 -05:00 [INF] Processing loot: added 20 gp
2021-02-18 19:24:54.090 -05:00 [INF] Processing loot: added Mold
2021-02-18 19:24:54.090 -05:00 [INF] Processing loot: added 15 gp
2021-02-18 19:24:54.090 -05:00 [INF] Processing loot: added Mold
2021-02-18 19:24:54.090 -05:00 [INF] Final loot for Bee: 260 xp, 45 gold, items [Moldy Bread Slice,Mold,Mold,Mold]
2021-02-18 19:25:34.095 -05:00 [INF] Spawn: Mileth Inn: spawning 3 mobs 
2021-02-18 19:25:34.095 -05:00 [INF] Processing loot set Bee: Spawn subtable missed
2021-02-18 19:25:34.095 -05:00 [INF] Processing loot: spawn table for Bee hit, looting
2021-02-18 19:25:34.095 -05:00 [INF] Processing loot: spawn table for Bee hit, looting
2021-02-18 19:25:34.096 -05:00 [INF] Processing loot: spawn table for Bee hit, looting
2021-02-18 19:25:34.096 -05:00 [INF] Loot for Bee: tables: 3
2021-02-18 19:25:34.096 -05:00 [INF] Processing loot: added 1 gp
2021-02-18 19:25:34.096 -05:00 [INF] Processing loot: added Rotten Vegetable
2021-02-18 19:25:34.096 -05:00 [INF] Processing loot: added 2 gp
2021-02-18 19:25:34.096 -05:00 [INF] Processing loot: added Mold
2021-02-18 19:25:34.096 -05:00 [INF] Processing loot: added 18 gp
2021-02-18 19:25:34.096 -05:00 [INF] Processing loot: added Rotten Vegetable
2021-02-18 19:25:34.096 -05:00 [INF] Final loot for Bee: 260 xp, 21 gold, items [Rotten Vegetable,Mold,Rotten Vegetable]
2021-02-18 19:25:34.097 -05:00 [INF] Processing loot: spawn table for Bee hit, looting
2021-02-18 19:25:34.097 -05:00 [INF] Processing loot: spawn table for Bee hit, looting
2021-02-18 19:25:34.097 -05:00 [INF] Processing loot: spawn table for Bee hit, looting
2021-02-18 19:25:34.097 -05:00 [INF] Processing loot: spawn table for Bee hit, looting
2021-02-18 19:25:34.097 -05:00 [INF] Loot for Bee: tables: 4
2021-02-18 19:25:34.097 -05:00 [INF] Processing loot: added 3 gp
2021-02-18 19:25:34.097 -05:00 [INF] Processing loot: added Rotten Vegetable
2021-02-18 19:25:34.097 -05:00 [INF] Processing loot: added 14 gp
2021-02-18 19:25:34.097 -05:00 [INF] Processing loot: added Rotten Vegetable
2021-02-18 19:25:34.098 -05:00 [INF] Processing loot: added 20 gp
2021-02-18 19:25:34.098 -05:00 [INF] Processing loot: added Mold
2021-02-18 19:25:34.098 -05:00 [INF] Processing loot: added 16 gp
2021-02-18 19:25:34.098 -05:00 [INF] Processing loot: added Moldy Bread Slice
2021-02-18 19:25:34.098 -05:00 [INF] Final loot for Bee: 260 xp, 53 gold, items [Rotten Vegetable,Rotten Vegetable,Mold,Moldy Bread Slice]
2021-02-18 19:25:34.099 -05:00 [INF] Processing loot: spawn table for Bee hit, looting
2021-02-18 19:25:34.099 -05:00 [INF] Processing loot set Bee: Spawn subtable missed
2021-02-18 19:25:34.099 -05:00 [INF] Processing loot set Bee: Spawn subtable missed
2021-02-18 19:25:34.099 -05:00 [INF] Processing loot: spawn table for Bee hit, looting
2021-02-18 19:25:34.099 -05:00 [INF] Loot for Bee: tables: 2
2021-02-18 19:25:34.099 -05:00 [INF] Processing loot: added 7 gp
2021-02-18 19:25:34.099 -05:00 [INF] Processing loot: added Mold
2021-02-18 19:25:34.099 -05:00 [INF] Processing loot: added 20 gp
2021-02-18 19:25:34.099 -05:00 [INF] Processing loot: added Rotten Vegetable
2021-02-18 19:25:34.099 -05:00 [INF] Final loot for Bee: 260 xp, 27 gold, items [Mold,Rotten Vegetable]
2021-02-18 19:26:14.104 -05:00 [INF] Spawn: Mileth Inn: spawning 1 mobs 
2021-02-18 19:26:14.105 -05:00 [INF] Processing loot set Bee: Spawn subtable missed
2021-02-18 19:26:14.105 -05:00 [INF] Processing loot set Bee: Spawn subtable missed
2021-02-18 19:26:14.105 -05:00 [INF] Processing loot: spawn table for Bee hit, looting
2021-02-18 19:26:14.105 -05:00 [INF] Processing loot: spawn table for Bee hit, looting
2021-02-18 19:26:14.105 -05:00 [INF] Loot for Bee: tables: 2
2021-02-18 19:26:14.105 -05:00 [INF] Processing loot: added 12 gp
2021-02-18 19:26:14.105 -05:00 [INF] Processing loot: added Mold
2021-02-18 19:26:14.105 -05:00 [INF] Processing loot: added 4 gp
2021-02-18 19:26:14.105 -05:00 [INF] Processing loot: added Mold
2021-02-18 19:26:14.105 -05:00 [INF] Final loot for Bee: 260 xp, 16 gold, items [Mold,Mold]
